0 info it worked if it ends with ok
1 verbose cli [ 'node', '/usr/local/bin/npm', 'install', 'angular-touch' ]
2 info using npm@1.4.3
3 info using node@v0.10.26
4 warn package.json angular-animate@1.2.16 No repository field.
5 verbose readDependencies using package.json deps
6 verbose cache add [ 'angular-touch', null ]
7 verbose cache add name=undefined spec="angular-touch" args=["angular-touch",null]
8 verbose parsed url { protocol: null,
8 verbose parsed url   slashes: null,
8 verbose parsed url   auth: null,
8 verbose parsed url   host: null,
8 verbose parsed url   port: null,
8 verbose parsed url   hostname: null,
8 verbose parsed url   hash: null,
8 verbose parsed url   search: null,
8 verbose parsed url   query: null,
8 verbose parsed url   pathname: 'angular-touch',
8 verbose parsed url   path: 'angular-touch',
8 verbose parsed url   href: 'angular-touch' }
9 silly lockFile 2877a31c-angular-touch angular-touch
10 verbose lock angular-touch /Users/mobileposse/.npm/2877a31c-angular-touch.lock
11 silly lockFile 2877a31c-angular-touch angular-touch
12 silly lockFile 2877a31c-angular-touch angular-touch
13 verbose addNamed [ 'angular-touch', '' ]
14 verbose addNamed [ null, '*' ]
15 silly lockFile 636c6ee4-angular-touch angular-touch@
16 verbose lock angular-touch@ /Users/mobileposse/.npm/636c6ee4-angular-touch.lock
17 silly addNameRange { name: 'angular-touch', range: '*', hasData: false }
18 verbose url raw angular-touch
19 verbose url resolving [ 'https://registry.npmjs.org/', './angular-touch' ]
20 verbose url resolved https://registry.npmjs.org/angular-touch
21 info trying registry request attempt 1 at 20:01:24
22 http GET https://registry.npmjs.org/angular-touch
23 http 404 https://registry.npmjs.org/angular-touch
24 silly registry.get cb [ 404,
24 silly registry.get   { date: 'Fri, 15 Aug 2014 00:01:24 GMT',
24 silly registry.get     server: 'CouchDB/1.5.0 (Erlang OTP/R16B03)',
24 silly registry.get     'content-type': 'application/json',
24 silly registry.get     'cache-control': 'max-age=0',
24 silly registry.get     'content-length': '52',
24 silly registry.get     'accept-ranges': 'bytes',
24 silly registry.get     via: '1.1 varnish',
24 silly registry.get     age: '0',
24 silly registry.get     'x-served-by': 'cache-jfk1020-JFK',
24 silly registry.get     'x-cache': 'MISS',
24 silly registry.get     'x-cache-hits': '0',
24 silly registry.get     'x-timer': 'S1408060884.546251,VS0,VE87',
24 silly registry.get     'keep-alive': 'timeout=10, max=50',
24 silly registry.get     connection: 'Keep-Alive' } ]
25 silly lockFile 636c6ee4-angular-touch angular-touch@
26 silly lockFile 636c6ee4-angular-touch angular-touch@
27 error 404 'angular-touch' is not in the npm registry.
27 error 404 You should bug the author to publish it
27 error 404 It was specified as a dependency of 'angular-seed'
27 error 404
27 error 404 Note that you can also install from a
27 error 404 tarball, folder, or http url, or git url.
28 error System Darwin 13.3.0
29 error command "node" "/usr/local/bin/npm" "install" "angular-touch"
30 error cwd /Library/WebServer/Documents/tribesay_mobile
31 error node -v v0.10.26
32 error npm -v 1.4.3
33 error code E404
34 verbose exit [ 1, true ]
